# JRE version: Java(TM) SE Runtime Environment (8.0_181-b13) (build 1.8.0_181-b13)
# Java VM: Java HotSpot(TM) 64-Bit Server VM (25.181-b13 mixed mode windows-amd64 compressed oops)
Heap:
 PSYoungGen      total 142848K, used 126912K [0x00000000d6000000, 0x00000000dfb00000, 0x0000000100000000)
  eden space 130048K, 89% used [0x00000000d6000000,0x00000000dd22bc50,0x00000000ddf00000)
  from space 12800K, 78% used [0x00000000dec80000,0x00000000df644458,0x00000000df900000)
  to   space 13824K, 0% used [0x00000000ddf00000,0x00000000ddf00000,0x00000000dec80000)
 ParOldGen       total 79360K, used 23907K [0x0000000082000000, 0x0000000086d80000, 0x00000000d6000000)
  object space 79360K, 30% used [0x0000000082000000,0x0000000083758e38,0x0000000086d80000)
 Metaspace       used 24275K, capacity 24978K, committed 25216K, reserved 1071104K
  class space    used 2910K, capacity 3158K, committed 3200K, reserved 1048576K
GC Heap History (10 events):
Event: 4.037 GC heap before
{Heap before GC invocations=5 (full 0):
 PSYoungGen      total 70656K, used 70638K [0x00000000d6000000, 0x00000000daa00000, 0x0000000100000000)
  eden space 65536K, 100% used [0x00000000d6000000,0x00000000da000000,0x00000000da000000)
  from space 5120K, 99% used [0x00000000da500000,0x00000000da9fb870,0x00000000daa00000)
  to   space 5120K, 0% used [0x00000000da000000,0x00000000da000000,0x00000000da500000)
 ParOldGen       total 86016K, used 8878K [0x0000000082000000, 0x0000000087400000, 0x00000000d6000000)
  object space 86016K, 10% used [0x0000000082000000,0x00000000828abbc0,0x0000000087400000)
 Metaspace       used 15749K, capacity 16046K, committed 16384K, reserved 1062912K
  class space    used 1881K, capacity 1981K, committed 2048K, reserved 1048576K
Event: 4.074 GC heap after
Heap after GC invocations=5 (full 0):
 PSYoungGen      total 70656K, used 5104K [0x00000000d6000000, 0x00000000df900000, 0x0000000100000000)
  eden space 65536K, 0% used [0x00000000d6000000,0x00000000d6000000,0x00000000da000000)
  from space 5120K, 99% used [0x00000000da000000,0x00000000da4fc030,0x00000000da500000)
  to   space 12800K, 0% used [0x00000000dec80000,0x00000000dec80000,0x00000000df900000)
 ParOldGen       total 86016K, used 14901K [0x0000000082000000, 0x0000000087400000, 0x00000000d6000000)
  object space 86016K, 17% used [0x0000000082000000,0x0000000082e8d718,0x0000000087400000)
 Metaspace       used 15749K, capacity 16046K, committed 16384K, reserved 1062912K
  class space    used 1881K, capacity 1981K, committed 2048K, reserved 1048576K
}
Event: 5.958 GC heap before
{Heap before GC invocations=6 (full 0):
 PSYoungGen      total 70656K, used 70640K [0x00000000d6000000, 0x00000000df900000, 0x0000000100000000)
  eden space 65536K, 100% used [0x00000000d6000000,0x00000000da000000,0x00000000da000000)
  from space 5120K, 99% used [0x00000000da000000,0x00000000da4fc030,0x00000000da500000)
  to   space 12800K, 0% used [0x00000000dec80000,0x00000000dec80000,0x00000000df900000)
 ParOldGen       total 86016K, used 14901K [0x0000000082000000, 0x0000000087400000, 0x00000000d6000000)
  object space 86016K, 17% used [0x0000000082000000,0x0000000082e8d718,0x0000000087400000)
 Metaspace       used 17971K, capacity 18414K, committed 18688K, reserved 1064960K
  class space    used 2080K, capacity 2228K, committed 2304K, reserved 1048576K
Event: 5.980 GC heap after
Heap after GC invocations=6 (full 0):
 PSYoungGen      total 142848K, used 10425K [0x00000000d6000000, 0x00000000dfb00000, 0x0000000100000000)
  eden space 130048K, 0% used [0x00000000d6000000,0x00000000d6000000,0x00000000ddf00000)
  from space 12800K, 81% used [0x00000000dec80000,0x00000000df6ae588,0x00000000df900000)
  to   space 13824K, 0% used [0x00000000ddf00000,0x00000000ddf00000,0x00000000dec80000)
 ParOldGen       total 86016K, used 14909K [0x0000000082000000, 0x0000000087400000, 0x00000000d6000000)
  object space 86016K, 17% used [0x0000000082000000,0x0000000082e8f718,0x0000000087400000)
 Metaspace       used 17971K, capacity 18414K, committed 18688K, reserved 1064960K
  class space    used 2080K, capacity 2228K, committed 2304K, reserved 1048576K
}
Event: 11.565 GC heap before
{Heap before GC invocations=7 (full 0):
 PSYoungGen      total 142848K, used 103171K [0x00000000d6000000, 0x00000000dfb00000, 0x0000000100000000)
  eden space 130048K, 71% used [0x00000000d6000000,0x00000000dba92940,0x00000000ddf00000)
  from space 12800K, 81% used [0x00000000dec80000,0x00000000df6ae588,0x00000000df900000)
  to   space 13824K, 0% used [0x00000000ddf00000,0x00000000ddf00000,0x00000000dec80000)
 ParOldGen       total 86016K, used 14909K [0x0000000082000000, 0x0000000087400000, 0x00000000d6000000)
  object space 86016K, 17% used [0x0000000082000000,0x0000000082e8f718,0x0000000087400000)
 Metaspace       used 20635K, capacity 21200K, committed 21296K, reserved 1069056K
  class space    used 2453K, capacity 2645K, committed 2688K, reserved 1048576K
Event: 11.590 GC heap after
Heap after GC invocations=7 (full 0):
 PSYoungGen      total 143872K, used 12762K [0x00000000d6000000, 0x00000000dfb00000, 0x0000000100000000)
  eden space 130048K, 0% used [0x00000000d6000000,0x00000000d6000000,0x00000000ddf00000)
  from space 13824K, 92% used [0x00000000ddf00000,0x00000000deb76ab8,0x00000000dec80000)
  to   space 12800K, 0% used [0x00000000dec80000,0x00000000dec80000,0x00000000df900000)
 ParOldGen       total 86016K, used 16309K [0x0000000082000000, 0x0000000087400000, 0x00000000d6000000)
  object space 86016K, 18% used [0x0000000082000000,0x0000000082fed738,0x0000000087400000)
 Metaspace       used 20635K, capacity 21200K, committed 21296K, reserved 1069056K
  class space    used 2453K, capacity 2645K, committed 2688K, reserved 1048576K
}
Event: 11.591 GC heap before
{Heap before GC invocations=8 (full 1):
 PSYoungGen      total 143872K, used 12762K [0x00000000d6000000, 0x00000000dfb00000, 0x0000000100000000)
  eden space 130048K, 0% used [0x00000000d6000000,0x00000000d6000000,0x00000000ddf00000)
  from space 13824K, 92% used [0x00000000ddf00000,0x00000000deb76ab8,0x00000000dec80000)
  to   space 12800K, 0% used [0x00000000dec80000,0x00000000dec80000,0x00000000df900000)
 ParOldGen       total 86016K, used 16309K [0x0000000082000000, 0x0000000087400000, 0x00000000d6000000)
  object space 86016K, 18% used [0x0000000082000000,0x0000000082fed738,0x0000000087400000)
 Metaspace       used 20635K, capacity 21200K, committed 21296K, reserved 1069056K
  class space    used 2453K, capacity 2645K, committed 2688K, reserved 1048576K
Event: 11.724 GC heap after
Heap after GC invocations=8 (full 1):
 PSYoungGen      total 143872K, used 0K [0x00000000d6000000, 0x00000000dfb00000, 0x0000000100000000)
  eden space 130048K, 0% used [0x00000000d6000000,0x00000000d6000000,0x00000000ddf00000)
  from space 13824K, 0% used [0x00000000ddf00000,0x00000000ddf00000,0x00000000dec80000)
  to   space 12800K, 0% used [0x00000000dec80000,0x00000000dec80000,0x00000000df900000)
 ParOldGen       total 79360K, used 23899K [0x0000000082000000, 0x0000000086d80000, 0x00000000d6000000)
  object space 79360K, 30% used [0x0000000082000000,0x0000000083756e38,0x0000000086d80000)
 Metaspace       used 20635K, capacity 21200K, committed 21296K, reserved 1069056K
  class space    used 2453K, capacity 2645K, committed 2688K, reserved 1048576K
}
Event: 13.848 GC heap before
{Heap before GC invocations=9 (full 1):
 PSYoungGen      total 143872K, used 130048K [0x00000000d6000000, 0x00000000dfb00000, 0x0000000100000000)
  eden space 130048K, 100% used [0x00000000d6000000,0x00000000ddf00000,0x00000000ddf00000)
  from space 13824K, 0% used [0x00000000ddf00000,0x00000000ddf00000,0x00000000dec80000)
  to   space 12800K, 0% used [0x00000000dec80000,0x00000000dec80000,0x00000000df900000)
 ParOldGen       total 79360K, used 23899K [0x0000000082000000, 0x0000000086d80000, 0x00000000d6000000)
  object space 79360K, 30% used [0x0000000082000000,0x0000000083756e38,0x0000000086d80000)
 Metaspace       used 24222K, capacity 24914K, committed 24960K, reserved 1071104K
  class space    used 2910K, capacity 3158K, committed 3200K, reserved 1048576K
Event: 13.869 GC heap after
Heap after GC invocations=9 (full 1):
 PSYoungGen      total 142848K, used 10001K [0x00000000d6000000, 0x00000000dfb00000, 0x0000000100000000)
  eden space 130048K, 0% used [0x00000000d6000000,0x00000000d6000000,0x00000000ddf00000)
  from space 12800K, 78% used [0x00000000dec80000,0x00000000df644458,0x00000000df900000)
  to   space 13824K, 0% used [0x00000000ddf00000,0x00000000ddf00000,0x00000000dec80000)
 ParOldGen       total 79360K, used 23907K [0x0000000082000000, 0x0000000086d80000, 0x00000000d6000000)
  object space 79360K, 30% used [0x0000000082000000,0x0000000083758e38,0x0000000086d80000)
 Metaspace       used 24222K, capacity 24914K, committed 24960K, reserved 1071104K
  class space    used 2910K, capacity 3158K, committed 3200K, reserved 1048576K
}

